<?xml version="1.0" encoding="UTF-8"?>
<testsuite xmlns:xsi="http://www.w3.org/2001/XMLSchema-instance" xsi:noNamespaceSchemaLocation="https://maven.apache.org/surefire/maven-surefire-plugin/xsd/surefire-test-report.xsd" name="TestSuite" time="70.212" tests="19" errors="0" skipped="0" failures="2">
  <properties>
    <property name="gopherProxySet" value="false"/>
    <property name="awt.toolkit" value="sun.lwawt.macosx.LWCToolkit"/>
    <property name="file.encoding.pkg" value="sun.io"/>
    <property name="java.specification.version" value="1.8"/>
    <property name="sun.cpu.isalist" value=""/>
    <property name="sun.jnu.encoding" value="UTF-8"/>
    <property name="java.class.path" value="/Users/josh.cacho/eclipse-workspace/23. FirstMavenProject/target/test-classes:/Users/josh.cacho/eclipse-workspace/23. FirstMavenProject/target/classes:/Users/josh.cacho/.m2/repository/junit/junit/4.11/junit-4.11.jar:/Users/josh.cacho/.m2/repository/org/hamcrest/hamcrest-core/1.3/hamcrest-core-1.3.jar:/Users/josh.cacho/.m2/repository/org/seleniumhq/selenium/selenium-java/3.141.59/selenium-java-3.141.59.jar:/Users/josh.cacho/.m2/repository/org/seleniumhq/selenium/selenium-api/3.141.59/selenium-api-3.141.59.jar:/Users/josh.cacho/.m2/repository/org/seleniumhq/selenium/selenium-chrome-driver/3.141.59/selenium-chrome-driver-3.141.59.jar:/Users/josh.cacho/.m2/repository/org/seleniumhq/selenium/selenium-edge-driver/3.141.59/selenium-edge-driver-3.141.59.jar:/Users/josh.cacho/.m2/repository/org/seleniumhq/selenium/selenium-firefox-driver/3.141.59/selenium-firefox-driver-3.141.59.jar:/Users/josh.cacho/.m2/repository/org/seleniumhq/selenium/selenium-ie-driver/3.141.59/selenium-ie-driver-3.141.59.jar:/Users/josh.cacho/.m2/repository/org/seleniumhq/selenium/selenium-opera-driver/3.141.59/selenium-opera-driver-3.141.59.jar:/Users/josh.cacho/.m2/repository/org/seleniumhq/selenium/selenium-remote-driver/3.141.59/selenium-remote-driver-3.141.59.jar:/Users/josh.cacho/.m2/repository/org/seleniumhq/selenium/selenium-safari-driver/3.141.59/selenium-safari-driver-3.141.59.jar:/Users/josh.cacho/.m2/repository/org/seleniumhq/selenium/selenium-support/3.141.59/selenium-support-3.141.59.jar:/Users/josh.cacho/.m2/repository/net/bytebuddy/byte-buddy/1.8.15/byte-buddy-1.8.15.jar:/Users/josh.cacho/.m2/repository/org/apache/commons/commons-exec/1.3/commons-exec-1.3.jar:/Users/josh.cacho/.m2/repository/com/google/guava/guava/25.0-jre/guava-25.0-jre.jar:/Users/josh.cacho/.m2/repository/com/google/code/findbugs/jsr305/1.3.9/jsr305-1.3.9.jar:/Users/josh.cacho/.m2/repository/org/checkerframework/checker-compat-qual/2.0.0/checker-compat-qual-2.0.0.jar:/Users/josh.cacho/.m2/repository/com/google/errorprone/error_prone_annotations/2.1.3/error_prone_annotations-2.1.3.jar:/Users/josh.cacho/.m2/repository/com/google/j2objc/j2objc-annotations/1.1/j2objc-annotations-1.1.jar:/Users/josh.cacho/.m2/repository/org/codehaus/mojo/animal-sniffer-annotations/1.14/animal-sniffer-annotations-1.14.jar:/Users/josh.cacho/.m2/repository/com/squareup/okhttp3/okhttp/3.11.0/okhttp-3.11.0.jar:/Users/josh.cacho/.m2/repository/com/squareup/okio/okio/1.14.0/okio-1.14.0.jar:/Users/josh.cacho/.m2/repository/org/testng/testng/7.4.0/testng-7.4.0.jar:/Users/josh.cacho/.m2/repository/com/beust/jcommander/1.78/jcommander-1.78.jar:/Users/josh.cacho/.m2/repository/org/webjars/jquery/3.5.1/jquery-3.5.1.jar:/Users/josh.cacho/.m2/repository/io/rest-assured/rest-assured/4.4.0/rest-assured-4.4.0.jar:/Users/josh.cacho/.m2/repository/org/codehaus/groovy/groovy/3.0.8/groovy-3.0.8.jar:/Users/josh.cacho/.m2/repository/org/codehaus/groovy/groovy-xml/3.0.8/groovy-xml-3.0.8.jar:/Users/josh.cacho/.m2/repository/org/apache/httpcomponents/httpclient/4.5.13/httpclient-4.5.13.jar:/Users/josh.cacho/.m2/repository/org/apache/httpcomponents/httpcore/4.4.13/httpcore-4.4.13.jar:/Users/josh.cacho/.m2/repository/commons-logging/commons-logging/1.2/commons-logging-1.2.jar:/Users/josh.cacho/.m2/repository/commons-codec/commons-codec/1.11/commons-codec-1.11.jar:/Users/josh.cacho/.m2/repository/org/apache/httpcomponents/httpmime/4.5.13/httpmime-4.5.13.jar:/Users/josh.cacho/.m2/repository/org/hamcrest/hamcrest/2.1/hamcrest-2.1.jar:/Users/josh.cacho/.m2/repository/org/ccil/cowan/tagsoup/tagsoup/1.2.1/tagsoup-1.2.1.jar:/Users/josh.cacho/.m2/repository/io/rest-assured/json-path/4.4.0/json-path-4.4.0.jar:/Users/josh.cacho/.m2/repository/org/codehaus/groovy/groovy-json/3.0.8/groovy-json-3.0.8.jar:/Users/josh.cacho/.m2/repository/io/rest-assured/rest-assured-common/4.4.0/rest-assured-common-4.4.0.jar:/Users/josh.cacho/.m2/repository/io/rest-assured/xml-path/4.4.0/xml-path-4.4.0.jar:/Users/josh.cacho/.m2/repository/jakarta/xml/bind/jakarta.xml.bind-api/2.3.3/jakarta.xml.bind-api-2.3.3.jar:/Users/josh.cacho/.m2/repository/jakarta/activation/jakarta.activation-api/1.2.2/jakarta.activation-api-1.2.2.jar:/Users/josh.cacho/.m2/repository/com/sun/xml/bind/jaxb-impl/2.3.3/jaxb-impl-2.3.3.jar:/Users/josh.cacho/.m2/repository/io/appium/java-client/7.5.1/java-client-7.5.1.jar:/Users/josh.cacho/.m2/repository/com/google/code/gson/gson/2.8.6/gson-2.8.6.jar:/Users/josh.cacho/.m2/repository/cglib/cglib/3.3.0/cglib-3.3.0.jar:/Users/josh.cacho/.m2/repository/org/ow2/asm/asm/7.1/asm-7.1.jar:/Users/josh.cacho/.m2/repository/commons-validator/commons-validator/1.7/commons-validator-1.7.jar:/Users/josh.cacho/.m2/repository/commons-beanutils/commons-beanutils/1.9.4/commons-beanutils-1.9.4.jar:/Users/josh.cacho/.m2/repository/commons-digester/commons-digester/2.1/commons-digester-2.1.jar:/Users/josh.cacho/.m2/repository/commons-collections/commons-collections/3.2.2/commons-collections-3.2.2.jar:/Users/josh.cacho/.m2/repository/org/apache/commons/commons-lang3/3.12.0/commons-lang3-3.12.0.jar:/Users/josh.cacho/.m2/repository/commons-io/commons-io/2.8.0/commons-io-2.8.0.jar:/Users/josh.cacho/.m2/repository/org/springframework/spring-context/5.3.4/spring-context-5.3.4.jar:/Users/josh.cacho/.m2/repository/org/springframework/spring-aop/5.3.4/spring-aop-5.3.4.jar:/Users/josh.cacho/.m2/repository/org/springframework/spring-beans/5.3.4/spring-beans-5.3.4.jar:/Users/josh.cacho/.m2/repository/org/springframework/spring-core/5.3.4/spring-core-5.3.4.jar:/Users/josh.cacho/.m2/repository/org/springframework/spring-jcl/5.3.4/spring-jcl-5.3.4.jar:/Users/josh.cacho/.m2/repository/org/springframework/spring-expression/5.3.4/spring-expression-5.3.4.jar:/Users/josh.cacho/.m2/repository/org/aspectj/aspectjweaver/1.9.6/aspectjweaver-1.9.6.jar:/Users/josh.cacho/.m2/repository/org/slf4j/slf4j-api/1.7.30/slf4j-api-1.7.30.jar:"/>
    <property name="java.vm.vendor" value="Oracle Corporation"/>
    <property name="sun.arch.data.model" value="64"/>
    <property name="java.vendor.url" value="http://java.oracle.com/"/>
    <property name="user.timezone" value=""/>
    <property name="java.vm.specification.version" value="1.8"/>
    <property name="os.name" value="Mac OS X"/>
    <property name="user.country" value="US"/>
    <property name="sun.java.launcher" value="SUN_STANDARD"/>
    <property name="sun.boot.library.path" value="/Library/Java/JavaVirtualMachines/jdk1.8.0_131.jdk/Contents/Home/jre/lib"/>
    <property name="sun.java.command" value="/Users/josh.cacho/eclipse-workspace/23. FirstMavenProject/target/surefire/surefirebooter7575838288982540456.jar /Users/josh.cacho/eclipse-workspace/23. FirstMavenProject/target/surefire 2021-10-18T22-28-44_395-jvmRun1 surefire3406036014262544555tmp surefire_08419708768081302030tmp"/>
    <property name="http.nonProxyHosts" value="local|*.local|169.254/16|*.169.254/16"/>
    <property name="surefire.test.class.path" value="/Users/josh.cacho/eclipse-workspace/23. FirstMavenProject/target/test-classes:/Users/josh.cacho/eclipse-workspace/23. FirstMavenProject/target/classes:/Users/josh.cacho/.m2/repository/junit/junit/4.11/junit-4.11.jar:/Users/josh.cacho/.m2/repository/org/hamcrest/hamcrest-core/1.3/hamcrest-core-1.3.jar:/Users/josh.cacho/.m2/repository/org/seleniumhq/selenium/selenium-java/3.141.59/selenium-java-3.141.59.jar:/Users/josh.cacho/.m2/repository/org/seleniumhq/selenium/selenium-api/3.141.59/selenium-api-3.141.59.jar:/Users/josh.cacho/.m2/repository/org/seleniumhq/selenium/selenium-chrome-driver/3.141.59/selenium-chrome-driver-3.141.59.jar:/Users/josh.cacho/.m2/repository/org/seleniumhq/selenium/selenium-edge-driver/3.141.59/selenium-edge-driver-3.141.59.jar:/Users/josh.cacho/.m2/repository/org/seleniumhq/selenium/selenium-firefox-driver/3.141.59/selenium-firefox-driver-3.141.59.jar:/Users/josh.cacho/.m2/repository/org/seleniumhq/selenium/selenium-ie-driver/3.141.59/selenium-ie-driver-3.141.59.jar:/Users/josh.cacho/.m2/repository/org/seleniumhq/selenium/selenium-opera-driver/3.141.59/selenium-opera-driver-3.141.59.jar:/Users/josh.cacho/.m2/repository/org/seleniumhq/selenium/selenium-remote-driver/3.141.59/selenium-remote-driver-3.141.59.jar:/Users/josh.cacho/.m2/repository/org/seleniumhq/selenium/selenium-safari-driver/3.141.59/selenium-safari-driver-3.141.59.jar:/Users/josh.cacho/.m2/repository/org/seleniumhq/selenium/selenium-support/3.141.59/selenium-support-3.141.59.jar:/Users/josh.cacho/.m2/repository/net/bytebuddy/byte-buddy/1.8.15/byte-buddy-1.8.15.jar:/Users/josh.cacho/.m2/repository/org/apache/commons/commons-exec/1.3/commons-exec-1.3.jar:/Users/josh.cacho/.m2/repository/com/google/guava/guava/25.0-jre/guava-25.0-jre.jar:/Users/josh.cacho/.m2/repository/com/google/code/findbugs/jsr305/1.3.9/jsr305-1.3.9.jar:/Users/josh.cacho/.m2/repository/org/checkerframework/checker-compat-qual/2.0.0/checker-compat-qual-2.0.0.jar:/Users/josh.cacho/.m2/repository/com/google/errorprone/error_prone_annotations/2.1.3/error_prone_annotations-2.1.3.jar:/Users/josh.cacho/.m2/repository/com/google/j2objc/j2objc-annotations/1.1/j2objc-annotations-1.1.jar:/Users/josh.cacho/.m2/repository/org/codehaus/mojo/animal-sniffer-annotations/1.14/animal-sniffer-annotations-1.14.jar:/Users/josh.cacho/.m2/repository/com/squareup/okhttp3/okhttp/3.11.0/okhttp-3.11.0.jar:/Users/josh.cacho/.m2/repository/com/squareup/okio/okio/1.14.0/okio-1.14.0.jar:/Users/josh.cacho/.m2/repository/org/testng/testng/7.4.0/testng-7.4.0.jar:/Users/josh.cacho/.m2/repository/com/beust/jcommander/1.78/jcommander-1.78.jar:/Users/josh.cacho/.m2/repository/org/webjars/jquery/3.5.1/jquery-3.5.1.jar:/Users/josh.cacho/.m2/repository/io/rest-assured/rest-assured/4.4.0/rest-assured-4.4.0.jar:/Users/josh.cacho/.m2/repository/org/codehaus/groovy/groovy/3.0.8/groovy-3.0.8.jar:/Users/josh.cacho/.m2/repository/org/codehaus/groovy/groovy-xml/3.0.8/groovy-xml-3.0.8.jar:/Users/josh.cacho/.m2/repository/org/apache/httpcomponents/httpclient/4.5.13/httpclient-4.5.13.jar:/Users/josh.cacho/.m2/repository/org/apache/httpcomponents/httpcore/4.4.13/httpcore-4.4.13.jar:/Users/josh.cacho/.m2/repository/commons-logging/commons-logging/1.2/commons-logging-1.2.jar:/Users/josh.cacho/.m2/repository/commons-codec/commons-codec/1.11/commons-codec-1.11.jar:/Users/josh.cacho/.m2/repository/org/apache/httpcomponents/httpmime/4.5.13/httpmime-4.5.13.jar:/Users/josh.cacho/.m2/repository/org/hamcrest/hamcrest/2.1/hamcrest-2.1.jar:/Users/josh.cacho/.m2/repository/org/ccil/cowan/tagsoup/tagsoup/1.2.1/tagsoup-1.2.1.jar:/Users/josh.cacho/.m2/repository/io/rest-assured/json-path/4.4.0/json-path-4.4.0.jar:/Users/josh.cacho/.m2/repository/org/codehaus/groovy/groovy-json/3.0.8/groovy-json-3.0.8.jar:/Users/josh.cacho/.m2/repository/io/rest-assured/rest-assured-common/4.4.0/rest-assured-common-4.4.0.jar:/Users/josh.cacho/.m2/repository/io/rest-assured/xml-path/4.4.0/xml-path-4.4.0.jar:/Users/josh.cacho/.m2/repository/jakarta/xml/bind/jakarta.xml.bind-api/2.3.3/jakarta.xml.bind-api-2.3.3.jar:/Users/josh.cacho/.m2/repository/jakarta/activation/jakarta.activation-api/1.2.2/jakarta.activation-api-1.2.2.jar:/Users/josh.cacho/.m2/repository/com/sun/xml/bind/jaxb-impl/2.3.3/jaxb-impl-2.3.3.jar:/Users/josh.cacho/.m2/repository/io/appium/java-client/7.5.1/java-client-7.5.1.jar:/Users/josh.cacho/.m2/repository/com/google/code/gson/gson/2.8.6/gson-2.8.6.jar:/Users/josh.cacho/.m2/repository/cglib/cglib/3.3.0/cglib-3.3.0.jar:/Users/josh.cacho/.m2/repository/org/ow2/asm/asm/7.1/asm-7.1.jar:/Users/josh.cacho/.m2/repository/commons-validator/commons-validator/1.7/commons-validator-1.7.jar:/Users/josh.cacho/.m2/repository/commons-beanutils/commons-beanutils/1.9.4/commons-beanutils-1.9.4.jar:/Users/josh.cacho/.m2/repository/commons-digester/commons-digester/2.1/commons-digester-2.1.jar:/Users/josh.cacho/.m2/repository/commons-collections/commons-collections/3.2.2/commons-collections-3.2.2.jar:/Users/josh.cacho/.m2/repository/org/apache/commons/commons-lang3/3.12.0/commons-lang3-3.12.0.jar:/Users/josh.cacho/.m2/repository/commons-io/commons-io/2.8.0/commons-io-2.8.0.jar:/Users/josh.cacho/.m2/repository/org/springframework/spring-context/5.3.4/spring-context-5.3.4.jar:/Users/josh.cacho/.m2/repository/org/springframework/spring-aop/5.3.4/spring-aop-5.3.4.jar:/Users/josh.cacho/.m2/repository/org/springframework/spring-beans/5.3.4/spring-beans-5.3.4.jar:/Users/josh.cacho/.m2/repository/org/springframework/spring-core/5.3.4/spring-core-5.3.4.jar:/Users/josh.cacho/.m2/repository/org/springframework/spring-jcl/5.3.4/spring-jcl-5.3.4.jar:/Users/josh.cacho/.m2/repository/org/springframework/spring-expression/5.3.4/spring-expression-5.3.4.jar:/Users/josh.cacho/.m2/repository/org/aspectj/aspectjweaver/1.9.6/aspectjweaver-1.9.6.jar:/Users/josh.cacho/.m2/repository/org/slf4j/slf4j-api/1.7.30/slf4j-api-1.7.30.jar:"/>
    <property name="sun.cpu.endian" value="little"/>
    <property name="user.home" value="/Users/josh.cacho"/>
    <property name="user.language" value="en"/>
    <property name="java.specification.vendor" value="Oracle Corporation"/>
    <property name="java.home" value="/Library/Java/JavaVirtualMachines/jdk1.8.0_131.jdk/Contents/Home/jre"/>
    <property name="basedir" value="/Users/josh.cacho/eclipse-workspace/23. FirstMavenProject"/>
    <property name="file.separator" value="/"/>
    <property name="line.separator" value="&#10;"/>
    <property name="java.vm.specification.vendor" value="Oracle Corporation"/>
    <property name="java.specification.name" value="Java Platform API Specification"/>
    <property name="java.awt.graphicsenv" value="sun.awt.CGraphicsEnvironment"/>
    <property name="surefire.real.class.path" value="/Users/josh.cacho/eclipse-workspace/23. FirstMavenProject/target/surefire/surefirebooter7575838288982540456.jar"/>
    <property name="sun.boot.class.path" value="/Library/Java/JavaVirtualMachines/jdk1.8.0_131.jdk/Contents/Home/jre/lib/resources.jar:/Library/Java/JavaVirtualMachines/jdk1.8.0_131.jdk/Contents/Home/jre/lib/rt.jar:/Library/Java/JavaVirtualMachines/jdk1.8.0_131.jdk/Contents/Home/jre/lib/sunrsasign.jar:/Library/Java/JavaVirtualMachines/jdk1.8.0_131.jdk/Contents/Home/jre/lib/jsse.jar:/Library/Java/JavaVirtualMachines/jdk1.8.0_131.jdk/Contents/Home/jre/lib/jce.jar:/Library/Java/JavaVirtualMachines/jdk1.8.0_131.jdk/Contents/Home/jre/lib/charsets.jar:/Library/Java/JavaVirtualMachines/jdk1.8.0_131.jdk/Contents/Home/jre/lib/jfr.jar:/Library/Java/JavaVirtualMachines/jdk1.8.0_131.jdk/Contents/Home/jre/classes"/>
    <property name="sun.management.compiler" value="HotSpot 64-Bit Tiered Compilers"/>
    <property name="ftp.nonProxyHosts" value="local|*.local|169.254/16|*.169.254/16"/>
    <property name="java.runtime.version" value="1.8.0_131-b11"/>
    <property name="user.name" value="josh.cacho"/>
    <property name="path.separator" value=":"/>
    <property name="os.version" value="10.14.5"/>
    <property name="java.endorsed.dirs" value="/Library/Java/JavaVirtualMachines/jdk1.8.0_131.jdk/Contents/Home/jre/lib/endorsed"/>
    <property name="java.runtime.name" value="Java(TM) SE Runtime Environment"/>
    <property name="file.encoding" value="UTF-8"/>
    <property name="java.vm.name" value="Java HotSpot(TM) 64-Bit Server VM"/>
    <property name="localRepository" value="/Users/josh.cacho/.m2/repository"/>
    <property name="java.vendor.url.bug" value="http://bugreport.sun.com/bugreport/"/>
    <property name="java.io.tmpdir" value="/var/folders/lr/dbfkn51n487fbgycv2fml1m80000gq/T/"/>
    <property name="java.version" value="1.8.0_131"/>
    <property name="user.dir" value="/Users/josh.cacho/eclipse-workspace/23. FirstMavenProject"/>
    <property name="os.arch" value="x86_64"/>
    <property name="java.vm.specification.name" value="Java Virtual Machine Specification"/>
    <property name="java.awt.printerjob" value="sun.lwawt.macosx.CPrinterJob"/>
    <property name="sun.os.patch.level" value="unknown"/>
    <property name="java.library.path" value="/Users/josh.cacho/Library/Java/Extensions:/Library/Java/Extensions:/Network/Library/Java/Extensions:/System/Library/Java/Extensions:/usr/lib/java:."/>
    <property name="java.vm.info" value="mixed mode"/>
    <property name="java.vendor" value="Oracle Corporation"/>
    <property name="java.vm.version" value="25.131-b11"/>
    <property name="java.ext.dirs" value="/Users/josh.cacho/Library/Java/Extensions:/Library/Java/JavaVirtualMachines/jdk1.8.0_131.jdk/Contents/Home/jre/lib/ext:/Library/Java/Extensions:/Network/Library/Java/Extensions:/System/Library/Java/Extensions:/usr/lib/java"/>
    <property name="sun.io.unicode.encoding" value="UnicodeBig"/>
    <property name="java.class.version" value="52.0"/>
    <property name="socksNonProxyHosts" value="local|*.local|169.254/16|*.169.254/16"/>
  </properties>
  <testcase name="BrowserAutomation" classname="MavenProject.FirstMavenProject.aSeleniumTest" time="0.002"/>
  <testcase name="elementsUI" classname="MavenProject.FirstMavenProject.aSeleniumTest" time="0"/>
  <testcase name="NativeAppAndroid" classname="MavenProject.FirstMavenProject.bAppiumTest" time="0"/>
  <testcase name="iOSApps" classname="MavenProject.FirstMavenProject.bAppiumTest" time="0"/>
  <testcase name="deleteTwitter" classname="MavenProject.FirstMavenProject.cRestApiTest" time="0"/>
  <testcase name="postJIRA" classname="MavenProject.FirstMavenProject.cRestApiTest" time="0"/>
  <testcase name="maxBrowserSize" classname="MavenProject.FirstMavenProject.dAutomateBrowserActionsGoDaddySite1" time="0.169"/>
  <testcase name="printTitlePageCurrentURL" classname="MavenProject.FirstMavenProject.dAutomateBrowserActionsGoDaddySite1" time="0.232"/>
  <testcase name="pageSourcePageTitle" classname="MavenProject.FirstMavenProject.dAutomateBrowserActionsGoDaddySite1" time="0.206"/>
  <testcase name="amazonPayLink" classname="MavenProject.FirstMavenProject.eAutomateAmazonNewsWebMenuLinks1" time="0.791">
    <failure message="no such element: Unable to locate element: {&quot;method&quot;:&quot;link text&quot;,&quot;selector&quot;:&quot;Amazon Pay&quot;}&#10;  (Session info: chrome=94.0.4606.81)&#10;For documentation on this error, please visit: https://www.seleniumhq.org/exceptions/no_such_element.html&#10;Build info: version: &apos;3.141.59&apos;, revision: &apos;e82be7d358&apos;, time: &apos;2018-11-14T08:17:03&apos;&#10;System info: host: &apos;cb-mac-Cacho.local&apos;, ip: &apos;fe80:0:0:0:c4b:b3da:531c:938a%en0&apos;, os.name: &apos;Mac OS X&apos;, os.arch: &apos;x86_64&apos;, os.version: &apos;10.14.5&apos;, java.version: &apos;1.8.0_131&apos;&#10;Driver info: org.openqa.selenium.chrome.ChromeDriver&#10;Capabilities {acceptInsecureCerts: false, browserName: chrome, browserVersion: 94.0.4606.81, chrome: {chromedriverVersion: 94.0.4606.61 (418b78f5838ed..., userDataDir: /var/folders/lr/dbfkn51n487...}, goog:chromeOptions: {debuggerAddress: localhost:63208}, javascriptEnabled: true, networkConnectionEnabled: false, pageLoadStrategy: normal, platform: MAC, platformName: MAC, proxy: Proxy(), setWindowRect: true, strictFileInteractability: false, timeouts: {implicit: 0, pageLoad: 300000, script: 30000}, unhandledPromptBehavior: dismiss and notify, webauthn:extension:credBlob: true, webauthn:extension:largeBlob: true, webauthn:virtualAuthenticators: true}&#10;Session ID: 78b1c150506ad21d5c6f51635fade327&#10;*** Element info: {Using=link text, value=Amazon Pay}" type="org.openqa.selenium.NoSuchElementException">org.openqa.selenium.NoSuchElementException: 
no such element: Unable to locate element: {"method":"link text","selector":"Amazon Pay"}
  (Session info: chrome=94.0.4606.81)
For documentation on this error, please visit: https://www.seleniumhq.org/exceptions/no_such_element.html
Build info: version: '3.141.59', revision: 'e82be7d358', time: '2018-11-14T08:17:03'
System info: host: 'cb-mac-Cacho.local', ip: 'fe80:0:0:0:c4b:b3da:531c:938a%en0', os.name: 'Mac OS X', os.arch: 'x86_64', os.version: '10.14.5', java.version: '1.8.0_131'
Driver info: org.openqa.selenium.chrome.ChromeDriver
Capabilities {acceptInsecureCerts: false, browserName: chrome, browserVersion: 94.0.4606.81, chrome: {chromedriverVersion: 94.0.4606.61 (418b78f5838ed..., userDataDir: /var/folders/lr/dbfkn51n487...}, goog:chromeOptions: {debuggerAddress: localhost:63208}, javascriptEnabled: true, networkConnectionEnabled: false, pageLoadStrategy: normal, platform: MAC, platformName: MAC, proxy: Proxy(), setWindowRect: true, strictFileInteractability: false, timeouts: {implicit: 0, pageLoad: 300000, script: 30000}, unhandledPromptBehavior: dismiss and notify, webauthn:extension:credBlob: true, webauthn:extension:largeBlob: true, webauthn:virtualAuthenticators: true}
Session ID: 78b1c150506ad21d5c6f51635fade327
*** Element info: {Using=link text, value=Amazon Pay}
	at MavenProject.FirstMavenProject.eAutomateAmazonNewsWebMenuLinks1.amazonPayLink(eAutomateAmazonNewsWebMenuLinks1.java:71)
</failure>
    <system-out><![CDATA[Online Shopping site in India: Shop Online for Mobiles, Books, Watches, Shoes and More - Amazon.in
]]></system-out>
  </testcase>
  <testcase name="allAutomateLinks" classname="MavenProject.FirstMavenProject.eAutomateAmazonNewsWebMenuLinks1" time="31.454"/>
  <testcase name="javaTutorialPageTitle" classname="MavenProject.FirstMavenProject.fAutomateTechtListingLinks1" time="0.193"/>
  <testcase name="seleniumWithTestNGPageTitle" classname="MavenProject.FirstMavenProject.fAutomateTechtListingLinks1" time="3.656"/>
  <testcase name="selenuimBlogsTitle" classname="MavenProject.FirstMavenProject.fAutomateTechtListingLinks1" time="4.938"/>
  <testcase name="printListOptions" classname="MavenProject.FirstMavenProject.hAutomateGoogleSearch" time="1.133"/>
  <testcase name="createAccount" classname="MavenProject.FirstMavenProject.iAutomateUserRegistrationECommerce" time="3.176"/>
  <testcase name="personalInfo" classname="MavenProject.FirstMavenProject.iAutomateUserRegistrationECommerce" time="0.322">
    <failure message="no such element: Unable to locate element: {&quot;method&quot;:&quot;css selector&quot;,&quot;selector&quot;:&quot;#uniform-days&quot;}&#10;  (Session info: chrome=94.0.4606.81)&#10;For documentation on this error, please visit: https://www.seleniumhq.org/exceptions/no_such_element.html&#10;Build info: version: &apos;3.141.59&apos;, revision: &apos;e82be7d358&apos;, time: &apos;2018-11-14T08:17:03&apos;&#10;System info: host: &apos;cb-mac-Cacho.local&apos;, ip: &apos;fe80:0:0:0:c4b:b3da:531c:938a%en0&apos;, os.name: &apos;Mac OS X&apos;, os.arch: &apos;x86_64&apos;, os.version: &apos;10.14.5&apos;, java.version: &apos;1.8.0_131&apos;&#10;Driver info: org.openqa.selenium.chrome.ChromeDriver&#10;Capabilities {acceptInsecureCerts: false, browserName: chrome, browserVersion: 94.0.4606.81, chrome: {chromedriverVersion: 94.0.4606.61 (418b78f5838ed..., userDataDir: /var/folders/lr/dbfkn51n487...}, goog:chromeOptions: {debuggerAddress: localhost:63527}, javascriptEnabled: true, networkConnectionEnabled: false, pageLoadStrategy: normal, platform: MAC, platformName: MAC, proxy: Proxy(), setWindowRect: true, strictFileInteractability: false, timeouts: {implicit: 0, pageLoad: 300000, script: 30000}, unhandledPromptBehavior: dismiss and notify, webauthn:extension:credBlob: true, webauthn:extension:largeBlob: true, webauthn:virtualAuthenticators: true}&#10;Session ID: 0c98d5c266e1c7dbb5d8c47ddf6707c9&#10;*** Element info: {Using=css selector, value=#uniform-days}" type="org.openqa.selenium.NoSuchElementException">org.openqa.selenium.NoSuchElementException: 
no such element: Unable to locate element: {"method":"css selector","selector":"#uniform-days"}
  (Session info: chrome=94.0.4606.81)
For documentation on this error, please visit: https://www.seleniumhq.org/exceptions/no_such_element.html
Build info: version: '3.141.59', revision: 'e82be7d358', time: '2018-11-14T08:17:03'
System info: host: 'cb-mac-Cacho.local', ip: 'fe80:0:0:0:c4b:b3da:531c:938a%en0', os.name: 'Mac OS X', os.arch: 'x86_64', os.version: '10.14.5', java.version: '1.8.0_131'
Driver info: org.openqa.selenium.chrome.ChromeDriver
Capabilities {acceptInsecureCerts: false, browserName: chrome, browserVersion: 94.0.4606.81, chrome: {chromedriverVersion: 94.0.4606.61 (418b78f5838ed..., userDataDir: /var/folders/lr/dbfkn51n487...}, goog:chromeOptions: {debuggerAddress: localhost:63527}, javascriptEnabled: true, networkConnectionEnabled: false, pageLoadStrategy: normal, platform: MAC, platformName: MAC, proxy: Proxy(), setWindowRect: true, strictFileInteractability: false, timeouts: {implicit: 0, pageLoad: 300000, script: 30000}, unhandledPromptBehavior: dismiss and notify, webauthn:extension:credBlob: true, webauthn:extension:largeBlob: true, webauthn:virtualAuthenticators: true}
Session ID: 0c98d5c266e1c7dbb5d8c47ddf6707c9
*** Element info: {Using=css selector, value=#uniform-days}
	at MavenProject.FirstMavenProject.iAutomateUserRegistrationECommerce.personalInfo(iAutomateUserRegistrationECommerce.java:118)
</failure>
  </testcase>
  <testcase name="address" classname="MavenProject.FirstMavenProject.iAutomateUserRegistrationECommerce" time="4.172"/>
  <testcase name="validateAcccount" classname="MavenProject.FirstMavenProject.iAutomateUserRegistrationECommerce" time="0.104"/>
</testsuite>