<?xml version="1.0" encoding="UTF-8"?>
<!-- Generated by org.testng.reporters.JUnitReportReporter -->
<testsuite hostname="cb-mac-Cacho.local" failures="0" tests="5" name="MavenProject.FirstMavenProject.gAutomatePracticeForm" time="1.515" errors="0" timestamp="2021-10-10T11:27:28 PDT" skipped="0">
  <testcase classname="MavenProject.FirstMavenProject.gAutomatePracticeForm" name="personalInfo" time="0.413"/>
  <system-out/>
  <testcase classname="MavenProject.FirstMavenProject.gAutomatePracticeForm" name="profressioanlInfo" time="0.236"/>
  <system-out/>
  <testcase classname="MavenProject.FirstMavenProject.gAutomatePracticeForm" name="locationsOfInterest" time="0.817"/>
  <system-out/>
  <testcase classname="MavenProject.FirstMavenProject.gAutomatePracticeForm" name="UploadFile" time="0.048"/>
  <system-out/>
  <testcase classname="MavenProject.FirstMavenProject.gAutomatePracticeForm" name="DownloadFile" time="0.001"/>
  <system-out/>
</testsuite> <!-- MavenProject.FirstMavenProject.gAutomatePracticeForm -->
