<?xml version="1.0" encoding="UTF-8"?>
<!-- Generated by org.testng.reporters.JUnitReportReporter -->
<testsuite hostname="cb-mac-Cacho.local" failures="0" tests="1" name="MavenProject.FirstMavenProject.kAutomateInvalidMandatoryFields" time="4.317" errors="0" timestamp="2021-10-22T12:47:29 PDT" skipped="0">
  <testcase classname="MavenProject.FirstMavenProject.kAutomateInvalidMandatoryFields" name="mandatoryFields" time="4.317"/>
  <system-out/>
</testsuite> <!-- MavenProject.FirstMavenProject.kAutomateInvalidMandatoryFields -->
