<?xml version="1.0" encoding="UTF-8"?>
<!-- Generated by org.testng.reporters.JUnitReportReporter -->
<testsuite hostname="cb-mac-Cacho.local" failures="0" tests="1" name="MavenProject.FirstMavenProject.lAutomateInvalidFieldValues" time="5.147" errors="0" timestamp="2021-10-27T20:17:53 PDT" skipped="0">
  <testcase classname="MavenProject.FirstMavenProject.lAutomateInvalidFieldValues" name="mandatoryFields" time="5.147"/>
  <system-out/>
</testsuite> <!-- MavenProject.FirstMavenProject.lAutomateInvalidFieldValues -->
