<?xml version="1.0" encoding="UTF-8"?>
<!-- Generated by org.testng.reporters.JUnitReportReporter -->
<testsuite hostname="cb-mac-Cacho.local" failures="0" tests="1" name="MavenProject.FirstMavenProject.hAutomateGoogleSearch" time="1.159" errors="0" timestamp="2021-10-16T23:24:34 PDT" skipped="0">
  <testcase classname="MavenProject.FirstMavenProject.hAutomateGoogleSearch" name="printListOptions" time="1.159"/>
  <system-out/>
</testsuite> <!-- MavenProject.FirstMavenProject.hAutomateGoogleSearch -->
