<?xml version="1.0" encoding="UTF-8"?>
<!-- Generated by org.testng.reporters.JUnitReportReporter -->
<testsuite hostname="cb-mac-Cacho.local" failures="0" tests="2" name="MavenProject.FirstMavenProject.oAutomateTotalPriceReflectCorrectlyShoppingCartSummary" time="19.023" errors="0" timestamp="2021-11-10T12:56:01 PST" skipped="0">
  <testcase classname="MavenProject.FirstMavenProject.oAutomateTotalPriceReflectCorrectlyShoppingCartSummary" name="Login" time="4.485"/>
  <system-out/>
  <testcase classname="MavenProject.FirstMavenProject.oAutomateTotalPriceReflectCorrectlyShoppingCartSummary" name="correctPrice" time="14.538"/>
  <system-out/>
</testsuite> <!-- MavenProject.FirstMavenProject.oAutomateTotalPriceReflectCorrectlyShoppingCartSummary -->
