<?xml version="1.0" encoding="UTF-8"?>
<!-- Generated by org.testng.reporters.JUnitReportReporter -->
<testsuite hostname="cb-mac-Cacho.local" failures="0" tests="1" name="MavenProject.FirstMavenProject.nAutomateAddToWishListAfterLogin" time="2.919" errors="0" timestamp="2021-11-06T21:15:49 PDT" skipped="0">
  <testcase classname="MavenProject.FirstMavenProject.nAutomateAddToWishListAfterLogin" name="addToWishListNoLogin" time="2.919"/>
  <system-out/>
</testsuite> <!-- MavenProject.FirstMavenProject.nAutomateAddToWishListAfterLogin -->
