<?xml version="1.0" encoding="UTF-8"?>
<!-- Generated by org.testng.reporters.JUnitReportReporter -->
<testsuite hostname="cb-mac-Cacho.local" failures="0" tests="4" name="MavenProject.FirstMavenProject.iAutomateUserRegistrationECommerce" time="13.864" errors="0" timestamp="2021-10-28T12:50:21 PDT" skipped="0">
  <testcase classname="MavenProject.FirstMavenProject.iAutomateUserRegistrationECommerce" name="createAccount" time="5.915"/>
  <system-out/>
  <testcase classname="MavenProject.FirstMavenProject.iAutomateUserRegistrationECommerce" name="personalInfo" time="2.431"/>
  <system-out/>
  <testcase classname="MavenProject.FirstMavenProject.iAutomateUserRegistrationECommerce" name="address" time="5.438"/>
  <system-out/>
  <testcase classname="MavenProject.FirstMavenProject.iAutomateUserRegistrationECommerce" name="validateAcccount" time="0.080"/>
  <system-out/>
</testsuite> <!-- MavenProject.FirstMavenProject.iAutomateUserRegistrationECommerce -->
