<?xml version="1.0" encoding="UTF-8"?>
<!-- Generated by org.testng.reporters.JUnitReportReporter -->
<testsuite hostname="cb-mac-Cacho.local" failures="0" tests="3" name="MavenProject.FirstMavenProject.dAutomateBrowserActionsGoDaddySite" time="1.184" errors="0" timestamp="2021-10-10T10:13:13 PDT" skipped="0">
  <testcase classname="MavenProject.FirstMavenProject.dAutomateBrowserActionsGoDaddySite" name="maxBrowserSize" time="0.250"/>
  <system-out/>
  <testcase classname="MavenProject.FirstMavenProject.dAutomateBrowserActionsGoDaddySite" name="printTitlePageCurrentURL" time="0.656"/>
  <system-out/>
  <testcase classname="MavenProject.FirstMavenProject.dAutomateBrowserActionsGoDaddySite" name="pageSourcePageTitle" time="0.278"/>
  <system-out/>
</testsuite> <!-- MavenProject.FirstMavenProject.dAutomateBrowserActionsGoDaddySite -->
