<?xml version="1.0" encoding="UTF-8"?>
<!-- Generated by org.testng.reporters.JUnitReportReporter -->
<testsuite hostname="cb-mac-Cacho.local" failures="0" tests="2" name="MavenProject.FirstMavenProject.mAutomatebuyProductFunctionalityECommerce" time="17.658" errors="0" timestamp="2021-11-06T18:41:51 PDT" skipped="0">
  <testcase classname="MavenProject.FirstMavenProject.mAutomatebuyProductFunctionalityECommerce" name="Login" time="2.888"/>
  <system-out/>
  <testcase classname="MavenProject.FirstMavenProject.mAutomatebuyProductFunctionalityECommerce" name="addProduct" time="14.770"/>
  <system-out/>
</testsuite> <!-- MavenProject.FirstMavenProject.mAutomatebuyProductFunctionalityECommerce -->
