<?xml version="1.0" encoding="UTF-8"?>
<!-- Generated by org.testng.reporters.JUnitReportReporter -->
<testsuite hostname="cb-mac-Cacho.local" failures="0" tests="1" name="MavenProject.FirstMavenProject.pAutomateSearchProductFuntionality" time="2.657" errors="0" timestamp="2021-12-26T21:19:36 PST" skipped="0">
  <testcase classname="MavenProject.FirstMavenProject.pAutomateSearchProductFuntionality" name="searchProduct" time="2.657"/>
  <system-out/>
</testsuite> <!-- MavenProject.FirstMavenProject.pAutomateSearchProductFuntionality -->
