<?xml version="1.0" encoding="UTF-8"?>
<!-- Generated by org.testng.reporters.JUnitReportReporter -->
<testsuite hostname="cb-mac-Cacho.local" failures="0" tests="2" name="MavenProject.FirstMavenProject.aSeleniumTest" time="0.008" errors="0" timestamp="2021-10-05T11:14:54 PDT" skipped="0">
  <testcase classname="MavenProject.FirstMavenProject.aSeleniumTest" name="elementsUI" time="0.001"/>
  <system-out/>
  <testcase classname="MavenProject.FirstMavenProject.aSeleniumTest" name="BrowserAutomation" time="0.007"/>
  <system-out/>
</testsuite> <!-- MavenProject.FirstMavenProject.aSeleniumTest -->
