<?xml version="1.0" encoding="UTF-8"?>
<!-- Generated by org.testng.reporters.JUnitReportReporter -->
<testsuite hostname="cb-mac-Cacho.local" failures="0" tests="5" name="MavenProject.FirstMavenProject.gAutomatePracticeForm2" time="1.596" errors="0" timestamp="2021-11-13T18:34:34 PST" skipped="0">
  <testcase classname="MavenProject.FirstMavenProject.gAutomatePracticeForm2" name="personalInfo" time="0.449"/>
  <system-out/>
  <testcase classname="MavenProject.FirstMavenProject.gAutomatePracticeForm2" name="profressioanlInfo" time="0.270"/>
  <system-out/>
  <testcase classname="MavenProject.FirstMavenProject.gAutomatePracticeForm2" name="locationsOfInterest" time="0.824"/>
  <system-out/>
  <testcase classname="MavenProject.FirstMavenProject.gAutomatePracticeForm2" name="UploadFile" time="0.053"/>
  <system-out/>
  <testcase classname="MavenProject.FirstMavenProject.gAutomatePracticeForm2" name="DownloadFile" time="0.000"/>
  <system-out/>
</testsuite> <!-- MavenProject.FirstMavenProject.gAutomatePracticeForm2 -->
