<?xml version="1.0" encoding="UTF-8"?>
<!-- Generated by org.testng.reporters.JUnitReportReporter -->
<testsuite hostname="cb-mac-Cacho.local" failures="0" tests="1" name="MavenProject.FirstMavenProject.qAutomateMultipleBrowserTabs" time="1.736" errors="0" timestamp="2021-11-13T20:06:00 PST" skipped="0">
  <testcase classname="MavenProject.FirstMavenProject.qAutomateMultipleBrowserTabs" name="OpenNewTabKeyboard" time="1.736"/>
  <system-out/>
</testsuite> <!-- MavenProject.FirstMavenProject.qAutomateMultipleBrowserTabs -->
