<?xml version="1.0" encoding="UTF-8"?>
<!-- Generated by org.testng.reporters.JUnitReportReporter -->
<testsuite hostname="cb-mac-Cacho.local" failures="0" tests="2" name="MavenProject.FirstMavenProject.eAutomateAmazonNewsWebMenuLinks1" time="27.220" errors="0" timestamp="2021-10-18T22:44:31 PDT" skipped="0">
  <testcase classname="MavenProject.FirstMavenProject.eAutomateAmazonNewsWebMenuLinks1" name="amazonPayLink" time="2.872"/>
  <system-out/>
  <testcase classname="MavenProject.FirstMavenProject.eAutomateAmazonNewsWebMenuLinks1" name="allAutomateLinks" time="24.348"/>
  <system-out/>
</testsuite> <!-- MavenProject.FirstMavenProject.eAutomateAmazonNewsWebMenuLinks1 -->
