<?xml version="1.0" encoding="UTF-8"?>
<!-- Generated by org.testng.reporters.JUnitReportReporter -->
<testsuite hostname="cb-mac-Cacho.local" failures="0" tests="1" name="AdminTestCases.AdminLogIn" time="5.968" errors="0" timestamp="2021-11-25T13:09:27 PST" skipped="0">
  <testcase classname="AdminTestCases.AdminLogIn" name="AdminLogin" time="5.968"/>
  <system-out/>
</testsuite> <!-- AdminTestCases.AdminLogIn -->
