<?xml version="1.0" encoding="UTF-8"?>
<!-- Generated by org.testng.reporters.JUnitReportReporter -->
<testsuite hostname="cb-mac-Cacho.local" failures="0" tests="4" name="MavenProject.FirstMavenProject.sAutomateWebTable" time="0.389" errors="0" timestamp="2021-11-19T22:21:22 PST" skipped="0">
  <testcase classname="MavenProject.FirstMavenProject.sAutomateWebTable" name="compareStructureCount" time="0.057"/>
  <system-out/>
  <testcase classname="MavenProject.FirstMavenProject.sAutomateWebTable" name="printAllRows" time="0.198"/>
  <system-out/>
  <testcase classname="MavenProject.FirstMavenProject.sAutomateWebTable" name="verBrjKhlfaHeight" time="0.102"/>
  <system-out/>
  <testcase classname="MavenProject.FirstMavenProject.sAutomateWebTable" name="verSixthRowColumns" time="0.032"/>
  <system-out/>
</testsuite> <!-- MavenProject.FirstMavenProject.sAutomateWebTable -->
