<?xml version="1.0" encoding="UTF-8"?>
<!-- Generated by org.testng.reporters.JUnitReportReporter -->
<testsuite hostname="cb-mac-Cacho.local" failures="0" tests="1" name="MavenProject.FirstMavenProject.jAutomateInvalidEmailECommerce" time="2.254" errors="0" timestamp="2021-10-21T21:05:09 PDT" skipped="0">
  <testcase classname="MavenProject.FirstMavenProject.jAutomateInvalidEmailECommerce" name="invalidEmail" time="2.254"/>
  <system-out/>
</testsuite> <!-- MavenProject.FirstMavenProject.jAutomateInvalidEmailECommerce -->
