<?xml version="1.0" encoding="UTF-8"?>
<!-- Generated by org.testng.reporters.JUnitReportReporter -->
<testsuite skipped="0" hostname="cb-mac-Cacho.local" name="MavenProject.FirstMavenProject.hAutomateGoogleSearch" tests="1" failures="0" timestamp="2021-10-18T22:29:54 PDT" time="1.133" errors="0">
  <testcase name="printListOptions" time="1.133" classname="MavenProject.FirstMavenProject.hAutomateGoogleSearch"/>
  <system-out/>
</testsuite> <!-- MavenProject.FirstMavenProject.hAutomateGoogleSearch -->
