<?xml version="1.0" encoding="UTF-8"?>
<!-- Generated by org.testng.reporters.JUnitReportReporter -->
<testsuite skipped="0" hostname="cb-mac-Cacho.local" name="MavenProject.FirstMavenProject.dAutomateBrowserActionsGoDaddySite1" tests="3" failures="0" timestamp="2021-10-18T22:29:54 PDT" time="0.608" errors="0">
  <testcase name="maxBrowserSize" time="0.169" classname="MavenProject.FirstMavenProject.dAutomateBrowserActionsGoDaddySite1"/>
  <system-out/>
  <testcase name="printTitlePageCurrentURL" time="0.232" classname="MavenProject.FirstMavenProject.dAutomateBrowserActionsGoDaddySite1"/>
  <system-out/>
  <testcase name="pageSourcePageTitle" time="0.207" classname="MavenProject.FirstMavenProject.dAutomateBrowserActionsGoDaddySite1"/>
  <system-out/>
</testsuite> <!-- MavenProject.FirstMavenProject.dAutomateBrowserActionsGoDaddySite1 -->
