<?xml version="1.0" encoding="UTF-8"?>
<!-- Generated by org.testng.reporters.JUnitReportReporter -->
<testsuite skipped="0" hostname="cb-mac-Cacho.local" name="MavenProject.FirstMavenProject.cRestApiTest" tests="2" failures="0" timestamp="2021-10-18T22:29:54 PDT" time="0.000" errors="0">
  <testcase name="deleteTwitter" time="0.000" classname="MavenProject.FirstMavenProject.cRestApiTest"/>
  <system-out/>
  <testcase name="postJIRA" time="0.000" classname="MavenProject.FirstMavenProject.cRestApiTest"/>
  <system-out/>
</testsuite> <!-- MavenProject.FirstMavenProject.cRestApiTest -->
