<?xml version="1.0" encoding="UTF-8"?>
<!-- Generated by org.testng.reporters.JUnitReportReporter -->
<testsuite skipped="0" hostname="cb-mac-Cacho.local" name="MavenProject.FirstMavenProject.aSeleniumTest" tests="2" failures="0" timestamp="2021-10-18T22:29:54 PDT" time="0.001" errors="0">
  <testcase name="elementsUI" time="0.000" classname="MavenProject.FirstMavenProject.aSeleniumTest"/>
  <system-out/>
  <testcase name="BrowserAutomation" time="0.001" classname="MavenProject.FirstMavenProject.aSeleniumTest"/>
  <system-out/>
</testsuite> <!-- MavenProject.FirstMavenProject.aSeleniumTest -->
