<?xml version="1.0" encoding="UTF-8"?>
<!-- Generated by org.testng.reporters.JUnitReportReporter -->
<testsuite skipped="0" hostname="cb-mac-Cacho.local" name="MavenProject.FirstMavenProject.fAutomateTechtListingLinks1" tests="3" failures="0" timestamp="2021-10-18T22:29:54 PDT" time="8.786" errors="0">
  <testcase name="selenuimBlogsTitle" time="4.938" classname="MavenProject.FirstMavenProject.fAutomateTechtListingLinks1"/>
  <system-out/>
  <testcase name="seleniumWithTestNGPageTitle" time="3.656" classname="MavenProject.FirstMavenProject.fAutomateTechtListingLinks1"/>
  <system-out/>
  <testcase name="javaTutorialPageTitle" time="0.192" classname="MavenProject.FirstMavenProject.fAutomateTechtListingLinks1"/>
  <system-out/>
</testsuite> <!-- MavenProject.FirstMavenProject.fAutomateTechtListingLinks1 -->
