<?xml version="1.0" encoding="UTF-8"?>
<!-- Generated by org.testng.reporters.JUnitReportReporter -->
<testsuite skipped="0" hostname="cb-mac-Cacho.local" name="MavenProject.FirstMavenProject.AppTest" tests="2" failures="0" timestamp="2021-10-10T12:35:00 PDT" time="0.001" errors="0">
  <testcase name="printme" time="0.000" classname="MavenProject.FirstMavenProject.AppTest"/>
  <system-out/>
  <testcase name="shouldAnswerWithTrue" time="0.001" classname="MavenProject.FirstMavenProject.AppTest"/>
  <system-out/>
</testsuite> <!-- MavenProject.FirstMavenProject.AppTest -->
